2025-07-12 02:25:09,469 [Worker-2: Loading available Gradle versions] INFO  o.e.b.c.i.u.g.PublishedGradleVersions - Gradle version information cache is not available. Remote download required.
2025-07-12 02:27:27,537 [Worker-13: Launching mavenrun-179f0e4c-21fe-464c-ad92-9b71248c1753] INFO  o.eclipse.m2e.core.internal.Bundles - getClasspathEntries(Bundle=org.eclipse.m2e.maven.runtime_3.9.900.20240824-1409 [640])
2025-07-12 02:27:27,540 [Worker-13: Launching mavenrun-179f0e4c-21fe-464c-ad92-9b71248c1753] INFO  o.eclipse.m2e.core.internal.Bundles - 	Entry: C:\Users\Abhinav\.p2\pool\plugins\org.eclipse.m2e.maven.runtime_3.9.900.20240824-1409
2025-07-12 02:27:27,540 [Worker-13: Launching mavenrun-179f0e4c-21fe-464c-ad92-9b71248c1753] INFO  o.eclipse.m2e.core.internal.Bundles - 	Entry: C:\Users\Abhinav\.p2\pool\plugins\org.eclipse.m2e.maven.runtime_3.9.900.20240824-1409\jars\aopalliance-1.0.jar
2025-07-12 02:27:27,540 [Worker-13: Launching mavenrun-179f0e4c-21fe-464c-ad92-9b71248c1753] INFO  o.eclipse.m2e.core.internal.Bundles - 	Entry: C:\Users\Abhinav\.p2\pool\plugins\org.eclipse.m2e.maven.runtime_3.9.900.20240824-1409\jars\guice-5.1.0.jar
2025-07-12 02:27:27,540 [Worker-13: Launching mavenrun-179f0e4c-21fe-464c-ad92-9b71248c1753] INFO  o.eclipse.m2e.core.internal.Bundles - 	Entry: C:\Users\Abhinav\.p2\pool\plugins\org.eclipse.m2e.maven.runtime_3.9.900.20240824-1409\jars\httpclient-4.5.14.jar
2025-07-12 02:27:27,540 [Worker-13: Launching mavenrun-179f0e4c-21fe-464c-ad92-9b71248c1753] INFO  o.eclipse.m2e.core.internal.Bundles - 	Entry: C:\Users\Abhinav\.p2\pool\plugins\org.eclipse.m2e.maven.runtime_3.9.900.20240824-1409\jars\httpcore-4.4.16.jar
2025-07-12 02:27:27,540 [Worker-13: Launching mavenrun-179f0e4c-21fe-464c-ad92-9b71248c1753] INFO  o.eclipse.m2e.core.internal.Bundles - 	Entry: C:\Users\Abhinav\.p2\pool\plugins\org.eclipse.m2e.maven.runtime_3.9.900.20240824-1409\jars\jansi-2.4.1.jar
2025-07-12 02:27:27,540 [Worker-13: Launching mavenrun-179f0e4c-21fe-464c-ad92-9b71248c1753] INFO  o.eclipse.m2e.core.internal.Bundles - 	Entry: C:\Users\Abhinav\.p2\pool\plugins\org.eclipse.m2e.maven.runtime_3.9.900.20240824-1409\jars\jcl-over-slf4j-1.7.36.jar
2025-07-12 02:27:27,540 [Worker-13: Launching mavenrun-179f0e4c-21fe-464c-ad92-9b71248c1753] INFO  o.eclipse.m2e.core.internal.Bundles - 	Entry: C:\Users\Abhinav\.p2\pool\plugins\org.eclipse.m2e.maven.runtime_3.9.900.20240824-1409\jars\maven-artifact-3.9.9.jar
2025-07-12 02:27:27,541 [Worker-13: Launching mavenrun-179f0e4c-21fe-464c-ad92-9b71248c1753] INFO  o.eclipse.m2e.core.internal.Bundles - 	Entry: C:\Users\Abhinav\.p2\pool\plugins\org.eclipse.m2e.maven.runtime_3.9.900.20240824-1409\jars\maven-builder-support-3.9.9.jar
2025-07-12 02:27:27,541 [Worker-13: Launching mavenrun-179f0e4c-21fe-464c-ad92-9b71248c1753] INFO  o.eclipse.m2e.core.internal.Bundles - 	Entry: C:\Users\Abhinav\.p2\pool\plugins\org.eclipse.m2e.maven.runtime_3.9.900.20240824-1409\jars\maven-compat-3.9.9.jar
2025-07-12 02:27:27,541 [Worker-13: Launching mavenrun-179f0e4c-21fe-464c-ad92-9b71248c1753] INFO  o.eclipse.m2e.core.internal.Bundles - 	Entry: C:\Users\Abhinav\.p2\pool\plugins\org.eclipse.m2e.maven.runtime_3.9.900.20240824-1409\jars\maven-core-3.9.9.jar
2025-07-12 02:27:27,541 [Worker-13: Launching mavenrun-179f0e4c-21fe-464c-ad92-9b71248c1753] INFO  o.eclipse.m2e.core.internal.Bundles - 	Entry: C:\Users\Abhinav\.p2\pool\plugins\org.eclipse.m2e.maven.runtime_3.9.900.20240824-1409\jars\maven-embedder-3.9.9.jar
2025-07-12 02:27:27,541 [Worker-13: Launching mavenrun-179f0e4c-21fe-464c-ad92-9b71248c1753] INFO  o.eclipse.m2e.core.internal.Bundles - 	Entry: C:\Users\Abhinav\.p2\pool\plugins\org.eclipse.m2e.maven.runtime_3.9.900.20240824-1409\jars\maven-model-3.9.9.jar
2025-07-12 02:27:27,541 [Worker-13: Launching mavenrun-179f0e4c-21fe-464c-ad92-9b71248c1753] INFO  o.eclipse.m2e.core.internal.Bundles - 	Entry: C:\Users\Abhinav\.p2\pool\plugins\org.eclipse.m2e.maven.runtime_3.9.900.20240824-1409\jars\maven-model-builder-3.9.9.jar
2025-07-12 02:27:27,541 [Worker-13: Launching mavenrun-179f0e4c-21fe-464c-ad92-9b71248c1753] INFO  o.eclipse.m2e.core.internal.Bundles - 	Entry: C:\Users\Abhinav\.p2\pool\plugins\org.eclipse.m2e.maven.runtime_3.9.900.20240824-1409\jars\maven-plugin-api-3.9.9.jar
2025-07-12 02:27:27,541 [Worker-13: Launching mavenrun-179f0e4c-21fe-464c-ad92-9b71248c1753] INFO  o.eclipse.m2e.core.internal.Bundles - 	Entry: C:\Users\Abhinav\.p2\pool\plugins\org.eclipse.m2e.maven.runtime_3.9.900.20240824-1409\jars\maven-repository-metadata-3.9.9.jar
2025-07-12 02:27:27,541 [Worker-13: Launching mavenrun-179f0e4c-21fe-464c-ad92-9b71248c1753] INFO  o.eclipse.m2e.core.internal.Bundles - 	Entry: C:\Users\Abhinav\.p2\pool\plugins\org.eclipse.m2e.maven.runtime_3.9.900.20240824-1409\jars\maven-resolver-api-1.9.22.jar
2025-07-12 02:27:27,541 [Worker-13: Launching mavenrun-179f0e4c-21fe-464c-ad92-9b71248c1753] INFO  o.eclipse.m2e.core.internal.Bundles - 	Entry: C:\Users\Abhinav\.p2\pool\plugins\org.eclipse.m2e.maven.runtime_3.9.900.20240824-1409\jars\maven-resolver-connector-basic-1.9.22.jar
2025-07-12 02:27:27,541 [Worker-13: Launching mavenrun-179f0e4c-21fe-464c-ad92-9b71248c1753] INFO  o.eclipse.m2e.core.internal.Bundles - 	Entry: C:\Users\Abhinav\.p2\pool\plugins\org.eclipse.m2e.maven.runtime_3.9.900.20240824-1409\jars\maven-resolver-impl-1.9.22.jar
2025-07-12 02:27:27,541 [Worker-13: Launching mavenrun-179f0e4c-21fe-464c-ad92-9b71248c1753] INFO  o.eclipse.m2e.core.internal.Bundles - 	Entry: C:\Users\Abhinav\.p2\pool\plugins\org.eclipse.m2e.maven.runtime_3.9.900.20240824-1409\jars\maven-resolver-named-locks-1.9.22.jar
2025-07-12 02:27:27,541 [Worker-13: Launching mavenrun-179f0e4c-21fe-464c-ad92-9b71248c1753] INFO  o.eclipse.m2e.core.internal.Bundles - 	Entry: C:\Users\Abhinav\.p2\pool\plugins\org.eclipse.m2e.maven.runtime_3.9.900.20240824-1409\jars\maven-resolver-provider-3.9.9.jar
2025-07-12 02:27:27,542 [Worker-13: Launching mavenrun-179f0e4c-21fe-464c-ad92-9b71248c1753] INFO  o.eclipse.m2e.core.internal.Bundles - 	Entry: C:\Users\Abhinav\.p2\pool\plugins\org.eclipse.m2e.maven.runtime_3.9.900.20240824-1409\jars\maven-resolver-spi-1.9.22.jar
2025-07-12 02:27:27,542 [Worker-13: Launching mavenrun-179f0e4c-21fe-464c-ad92-9b71248c1753] INFO  o.eclipse.m2e.core.internal.Bundles - 	Entry: C:\Users\Abhinav\.p2\pool\plugins\org.eclipse.m2e.maven.runtime_3.9.900.20240824-1409\jars\maven-resolver-transport-file-1.9.22.jar
2025-07-12 02:27:27,542 [Worker-13: Launching mavenrun-179f0e4c-21fe-464c-ad92-9b71248c1753] INFO  o.eclipse.m2e.core.internal.Bundles - 	Entry: C:\Users\Abhinav\.p2\pool\plugins\org.eclipse.m2e.maven.runtime_3.9.900.20240824-1409\jars\maven-resolver-transport-http-1.9.22.jar
2025-07-12 02:27:27,542 [Worker-13: Launching mavenrun-179f0e4c-21fe-464c-ad92-9b71248c1753] INFO  o.eclipse.m2e.core.internal.Bundles - 	Entry: C:\Users\Abhinav\.p2\pool\plugins\org.eclipse.m2e.maven.runtime_3.9.900.20240824-1409\jars\maven-resolver-transport-wagon-1.9.22.jar
2025-07-12 02:27:27,542 [Worker-13: Launching mavenrun-179f0e4c-21fe-464c-ad92-9b71248c1753] INFO  o.eclipse.m2e.core.internal.Bundles - 	Entry: C:\Users\Abhinav\.p2\pool\plugins\org.eclipse.m2e.maven.runtime_3.9.900.20240824-1409\jars\maven-resolver-util-1.9.22.jar
2025-07-12 02:27:27,542 [Worker-13: Launching mavenrun-179f0e4c-21fe-464c-ad92-9b71248c1753] INFO  o.eclipse.m2e.core.internal.Bundles - 	Entry: C:\Users\Abhinav\.p2\pool\plugins\org.eclipse.m2e.maven.runtime_3.9.900.20240824-1409\jars\maven-settings-3.9.9.jar
2025-07-12 02:27:27,542 [Worker-13: Launching mavenrun-179f0e4c-21fe-464c-ad92-9b71248c1753] INFO  o.eclipse.m2e.core.internal.Bundles - 	Entry: C:\Users\Abhinav\.p2\pool\plugins\org.eclipse.m2e.maven.runtime_3.9.900.20240824-1409\jars\maven-settings-builder-3.9.9.jar
2025-07-12 02:27:27,542 [Worker-13: Launching mavenrun-179f0e4c-21fe-464c-ad92-9b71248c1753] INFO  o.eclipse.m2e.core.internal.Bundles - 	Entry: C:\Users\Abhinav\.p2\pool\plugins\org.eclipse.m2e.maven.runtime_3.9.900.20240824-1409\jars\maven-shared-utils-3.4.2.jar
2025-07-12 02:27:27,542 [Worker-13: Launching mavenrun-179f0e4c-21fe-464c-ad92-9b71248c1753] INFO  o.eclipse.m2e.core.internal.Bundles - 	Entry: C:\Users\Abhinav\.p2\pool\plugins\org.eclipse.m2e.maven.runtime_3.9.900.20240824-1409\jars\org.eclipse.sisu.inject-0.9.0.M3.jar
2025-07-12 02:27:27,542 [Worker-13: Launching mavenrun-179f0e4c-21fe-464c-ad92-9b71248c1753] INFO  o.eclipse.m2e.core.internal.Bundles - 	Entry: C:\Users\Abhinav\.p2\pool\plugins\org.eclipse.m2e.maven.runtime_3.9.900.20240824-1409\jars\org.eclipse.sisu.plexus-0.9.0.M3.jar
2025-07-12 02:27:27,542 [Worker-13: Launching mavenrun-179f0e4c-21fe-464c-ad92-9b71248c1753] INFO  o.eclipse.m2e.core.internal.Bundles - 	Entry: C:\Users\Abhinav\.p2\pool\plugins\org.eclipse.m2e.maven.runtime_3.9.900.20240824-1409\jars\plexus-build-api-0.0.7.jar
2025-07-12 02:27:27,542 [Worker-13: Launching mavenrun-179f0e4c-21fe-464c-ad92-9b71248c1753] INFO  o.eclipse.m2e.core.internal.Bundles - 	Entry: C:\Users\Abhinav\.p2\pool\plugins\org.eclipse.m2e.maven.runtime_3.9.900.20240824-1409\jars\plexus-build-api-1.2.0.jar
2025-07-12 02:27:27,542 [Worker-13: Launching mavenrun-179f0e4c-21fe-464c-ad92-9b71248c1753] INFO  o.eclipse.m2e.core.internal.Bundles - 	Entry: C:\Users\Abhinav\.p2\pool\plugins\org.eclipse.m2e.maven.runtime_3.9.900.20240824-1409\jars\plexus-cipher-2.0.jar
2025-07-12 02:27:27,543 [Worker-13: Launching mavenrun-179f0e4c-21fe-464c-ad92-9b71248c1753] INFO  o.eclipse.m2e.core.internal.Bundles - 	Entry: C:\Users\Abhinav\.p2\pool\plugins\org.eclipse.m2e.maven.runtime_3.9.900.20240824-1409\jars\plexus-classworlds-2.8.0.jar
2025-07-12 02:27:27,543 [Worker-13: Launching mavenrun-179f0e4c-21fe-464c-ad92-9b71248c1753] INFO  o.eclipse.m2e.core.internal.Bundles - 	Entry: C:\Users\Abhinav\.p2\pool\plugins\org.eclipse.m2e.maven.runtime_3.9.900.20240824-1409\jars\plexus-component-annotations-2.1.0.jar
2025-07-12 02:27:27,543 [Worker-13: Launching mavenrun-179f0e4c-21fe-464c-ad92-9b71248c1753] INFO  o.eclipse.m2e.core.internal.Bundles - 	Entry: C:\Users\Abhinav\.p2\pool\plugins\org.eclipse.m2e.maven.runtime_3.9.900.20240824-1409\jars\plexus-interpolation-1.27.jar
2025-07-12 02:27:27,543 [Worker-13: Launching mavenrun-179f0e4c-21fe-464c-ad92-9b71248c1753] INFO  o.eclipse.m2e.core.internal.Bundles - 	Entry: C:\Users\Abhinav\.p2\pool\plugins\org.eclipse.m2e.maven.runtime_3.9.900.20240824-1409\jars\plexus-sec-dispatcher-2.0.jar
2025-07-12 02:27:27,543 [Worker-13: Launching mavenrun-179f0e4c-21fe-464c-ad92-9b71248c1753] INFO  o.eclipse.m2e.core.internal.Bundles - 	Entry: C:\Users\Abhinav\.p2\pool\plugins\org.eclipse.m2e.maven.runtime_3.9.900.20240824-1409\jars\plexus-utils-3.5.1.jar
2025-07-12 02:27:27,544 [Worker-13: Launching mavenrun-179f0e4c-21fe-464c-ad92-9b71248c1753] INFO  o.eclipse.m2e.core.internal.Bundles - 	Entry: C:\Users\Abhinav\.p2\pool\plugins\org.eclipse.m2e.maven.runtime_3.9.900.20240824-1409\jars\plexus-xml-3.0.1.jar
2025-07-12 02:27:27,544 [Worker-13: Launching mavenrun-179f0e4c-21fe-464c-ad92-9b71248c1753] INFO  o.eclipse.m2e.core.internal.Bundles - 	Entry: C:\Users\Abhinav\.p2\pool\plugins\org.eclipse.m2e.maven.runtime_3.9.900.20240824-1409\jars\wagon-file-3.5.3.jar
2025-07-12 02:27:27,544 [Worker-13: Launching mavenrun-179f0e4c-21fe-464c-ad92-9b71248c1753] INFO  o.eclipse.m2e.core.internal.Bundles - 	Entry: C:\Users\Abhinav\.p2\pool\plugins\org.eclipse.m2e.maven.runtime_3.9.900.20240824-1409\jars\wagon-http-3.5.3.jar
2025-07-12 02:27:27,544 [Worker-13: Launching mavenrun-179f0e4c-21fe-464c-ad92-9b71248c1753] INFO  o.eclipse.m2e.core.internal.Bundles - 	Entry: C:\Users\Abhinav\.p2\pool\plugins\org.eclipse.m2e.maven.runtime_3.9.900.20240824-1409\jars\wagon-http-shared-3.5.3.jar
2025-07-12 02:27:27,544 [Worker-13: Launching mavenrun-179f0e4c-21fe-464c-ad92-9b71248c1753] INFO  o.eclipse.m2e.core.internal.Bundles - 	Entry: C:\Users\Abhinav\.p2\pool\plugins\org.eclipse.m2e.maven.runtime_3.9.900.20240824-1409\jars\wagon-provider-api-3.5.3.jar
2025-07-12 02:27:27,548 [Worker-13: Launching mavenrun-179f0e4c-21fe-464c-ad92-9b71248c1753] INFO  o.eclipse.m2e.core.internal.Bundles - getClasspathEntries(Bundle=com.google.guava_33.3.1.jre [16])
2025-07-12 02:27:27,548 [Worker-13: Launching mavenrun-179f0e4c-21fe-464c-ad92-9b71248c1753] INFO  o.eclipse.m2e.core.internal.Bundles - 	Entry: C:\Users\Abhinav\.p2\pool\plugins\com.google.guava_33.3.1.jre.jar
2025-07-12 02:27:27,548 [Worker-13: Launching mavenrun-179f0e4c-21fe-464c-ad92-9b71248c1753] INFO  o.eclipse.m2e.core.internal.Bundles - getClasspathEntries(Bundle=slf4j.api_2.0.16 [1007])
2025-07-12 02:27:27,549 [Worker-13: Launching mavenrun-179f0e4c-21fe-464c-ad92-9b71248c1753] INFO  o.eclipse.m2e.core.internal.Bundles - 	Entry: C:\Users\Abhinav\.p2\pool\plugins\slf4j.api_2.0.16.jar
2025-07-12 02:27:27,549 [Worker-13: Launching mavenrun-179f0e4c-21fe-464c-ad92-9b71248c1753] INFO  o.eclipse.m2e.core.internal.Bundles - getClasspathEntries(Bundle=jakarta.inject.jakarta.inject-api_1.0.5 [34])
2025-07-12 02:27:27,549 [Worker-13: Launching mavenrun-179f0e4c-21fe-464c-ad92-9b71248c1753] INFO  o.eclipse.m2e.core.internal.Bundles - 	Entry: C:\Users\Abhinav\.p2\pool\plugins\jakarta.inject.jakarta.inject-api_1.0.5.jar
2025-07-12 02:27:27,549 [Worker-13: Launching mavenrun-179f0e4c-21fe-464c-ad92-9b71248c1753] INFO  o.eclipse.m2e.core.internal.Bundles - getClasspathEntries(Bundle=jakarta.annotation-api_1.3.5 [29])
2025-07-12 02:27:27,550 [Worker-13: Launching mavenrun-179f0e4c-21fe-464c-ad92-9b71248c1753] INFO  o.eclipse.m2e.core.internal.Bundles - 	Entry: C:\Users\Abhinav\.p2\pool\plugins\jakarta.annotation-api_1.3.5.jar
2025-07-12 02:27:27,550 [Worker-13: Launching mavenrun-179f0e4c-21fe-464c-ad92-9b71248c1753] INFO  o.eclipse.m2e.core.internal.Bundles - getClasspathEntries(Bundle=org.apache.commons.cli_1.9.0 [75])
2025-07-12 02:27:27,550 [Worker-13: Launching mavenrun-179f0e4c-21fe-464c-ad92-9b71248c1753] INFO  o.eclipse.m2e.core.internal.Bundles - 	Entry: C:\Users\Abhinav\.p2\pool\plugins\org.apache.commons.cli_1.9.0.jar
2025-07-12 02:27:27,550 [Worker-13: Launching mavenrun-179f0e4c-21fe-464c-ad92-9b71248c1753] INFO  o.eclipse.m2e.core.internal.Bundles - getClasspathEntries(Bundle=org.apache.commons.commons-codec_1.16.0 [78])
2025-07-12 02:27:27,550 [Worker-13: Launching mavenrun-179f0e4c-21fe-464c-ad92-9b71248c1753] INFO  o.eclipse.m2e.core.internal.Bundles - 	Entry: C:\Users\Abhinav\.p2\pool\plugins\org.apache.commons.commons-codec_1.16.0.jar
2025-07-12 02:27:27,550 [Worker-13: Launching mavenrun-179f0e4c-21fe-464c-ad92-9b71248c1753] INFO  o.eclipse.m2e.core.internal.Bundles - getClasspathEntries(Bundle=com.google.guava.failureaccess_1.0.2 [17])
2025-07-12 02:27:27,550 [Worker-13: Launching mavenrun-179f0e4c-21fe-464c-ad92-9b71248c1753] INFO  o.eclipse.m2e.core.internal.Bundles - 	Entry: C:\Users\Abhinav\.p2\pool\plugins\com.google.guava.failureaccess_1.0.2.jar
2025-07-12 02:27:27,554 [Worker-13: Launching mavenrun-179f0e4c-21fe-464c-ad92-9b71248c1753] INFO  o.e.m.i.launch.MavenLaunchDelegate - Run build in "C:\Users\Abhinav\AppData\Local\Temp\m2e-archetypeGenerator13919331712204397360":
2025-07-12 02:27:27,558 [Worker-13: Launching mavenrun-179f0e4c-21fe-464c-ad92-9b71248c1753] INFO  o.e.m.i.launch.MavenLaunchDelegate -  mvn  -DarchetypeGroupId=org.apache.maven.archetypes -DarchetypeArtifactId=maven-archetype-webapp -DarchetypeVersion=1.0 -DgroupId=com.Hospital -DartifactId=Hospital_Management_System -Dversion=0.0.1-SNAPSHOT -Dpackage=com.Hospital.Hospital_Management_System -DoutputDirectory=D:\Abhinav_Eclipse\Hospital_Management_System -Dstyle.color=always -U archetype:generate
2025-07-12 02:27:53,625 [Worker-37: Creating maven-archetype-webapp] INFO  o.e.m.c.i.p.ProjectConfigurationManager - Collecting project info '/pom.xml' D:\Abhinav_Eclipse\Hospital_Management_System\Hospital_Management_System\pom.xml
2025-07-12 02:27:55,240 [Worker-37: Creating maven-archetype-webapp] INFO  o.e.m.c.i.l.LifecycleMappingFactory - Using org.maven.ide.eclipse.wtp.WarLifecycleMapping lifecycle mapping for MavenProject: com.Hospital:Hospital_Management_System:0.0.1-SNAPSHOT @ D:\Abhinav_Eclipse\Hospital_Management_System\Hospital_Management_System\pom.xml.
2025-07-12 02:27:57,724 [Worker-37: Creating maven-archetype-webapp] INFO  o.e.m.j.i.AbstractJavaProjectConfigurator - Adding source folder /Hospital_Management_System/src/main/java
2025-07-12 02:27:57,726 [Worker-37: Creating maven-archetype-webapp] INFO  o.e.m.j.i.AbstractJavaProjectConfigurator - Adding resource folder /Hospital_Management_System/src/main/resources
2025-07-12 02:27:57,727 [Worker-37: Creating maven-archetype-webapp] INFO  o.e.m.j.i.AbstractJavaProjectConfigurator - Adding source folder /Hospital_Management_System/src/test/java
2025-07-12 02:27:57,728 [Worker-37: Creating maven-archetype-webapp] INFO  o.e.m.j.i.AbstractJavaProjectConfigurator - Adding resource folder /Hospital_Management_System/src/test/resources
2025-07-12 02:27:59,388 [Worker-37: Creating maven-archetype-webapp] INFO  o.e.m.c.i.p.ProjectConfigurationManager - Imported and configured 1 project(s) in 5 sec
2025-07-12 02:28:00,401 [Worker-42: Building] WARN  o.a.m.s.f.DefaultMavenResourcesFiltering - Using platform encoding (UTF-8 actually) to copy filtered resources, i.e. build is platform dependent!
2025-07-12 02:28:00,433 [Worker-42: Building] INFO  o.a.m.s.f.DefaultMavenResourcesFiltering - Copying 0 resource from src\main\resources to target\classes
2025-07-12 02:28:00,438 [Worker-42: Building] WARN  o.a.m.s.f.DefaultMavenResourcesFiltering - Using platform encoding (UTF-8 actually) to copy filtered resources, i.e. build is platform dependent!
2025-07-12 02:28:00,440 [Worker-42: Building] INFO  o.a.m.s.f.DefaultMavenResourcesFiltering - skip non existing resourceDirectory D:\Abhinav_Eclipse\Hospital_Management_System\Hospital_Management_System\src\test\resources
2025-07-12 02:28:20,407 [Worker-44: Building] WARN  o.a.m.s.f.DefaultMavenResourcesFiltering - Using platform encoding (UTF-8 actually) to copy filtered resources, i.e. build is platform dependent!
2025-07-12 02:28:20,412 [Worker-44: Building] INFO  o.a.m.s.f.DefaultMavenResourcesFiltering - Copying 0 resource from src\main\resources to target\classes
2025-07-12 02:28:20,414 [Worker-44: Building] WARN  o.a.m.s.f.DefaultMavenResourcesFiltering - Using platform encoding (UTF-8 actually) to copy filtered resources, i.e. build is platform dependent!
2025-07-12 02:28:20,415 [Worker-44: Building] INFO  o.a.m.s.f.DefaultMavenResourcesFiltering - skip non existing resourceDirectory D:\Abhinav_Eclipse\Hospital_Management_System\Hospital_Management_System\src\test\resources
2025-07-12 02:28:34,624 [Worker-13: Building] WARN  o.a.m.s.f.DefaultMavenResourcesFiltering - Using platform encoding (UTF-8 actually) to copy filtered resources, i.e. build is platform dependent!
2025-07-12 02:28:34,625 [Worker-13: Building] INFO  o.a.m.s.f.DefaultMavenResourcesFiltering - Copying 0 resource from src\main\resources to target\classes
2025-07-12 02:28:34,630 [Worker-13: Building] WARN  o.a.m.s.f.DefaultMavenResourcesFiltering - Using platform encoding (UTF-8 actually) to copy filtered resources, i.e. build is platform dependent!
2025-07-12 02:28:34,631 [Worker-13: Building] INFO  o.a.m.s.f.DefaultMavenResourcesFiltering - skip non existing resourceDirectory D:\Abhinav_Eclipse\Hospital_Management_System\Hospital_Management_System\src\test\resources
2025-07-12 02:29:15,786 [Worker-45: Building] WARN  o.a.m.s.f.DefaultMavenResourcesFiltering - Using platform encoding (UTF-8 actually) to copy filtered resources, i.e. build is platform dependent!
2025-07-12 02:29:15,787 [Worker-45: Building] INFO  o.a.m.s.f.DefaultMavenResourcesFiltering - Copying 0 resource from src\main\resources to target\classes
2025-07-12 02:29:15,790 [Worker-45: Building] WARN  o.a.m.s.f.DefaultMavenResourcesFiltering - Using platform encoding (UTF-8 actually) to copy filtered resources, i.e. build is platform dependent!
2025-07-12 02:29:15,791 [Worker-45: Building] INFO  o.a.m.s.f.DefaultMavenResourcesFiltering - skip non existing resourceDirectory D:\Abhinav_Eclipse\Hospital_Management_System\Hospital_Management_System\src\test\resources
2025-07-12 02:31:22,290 [Worker-46: Building] WARN  o.a.m.s.f.DefaultMavenResourcesFiltering - Using platform encoding (UTF-8 actually) to copy filtered resources, i.e. build is platform dependent!
2025-07-12 02:31:22,291 [Worker-46: Building] INFO  o.a.m.s.f.DefaultMavenResourcesFiltering - Copying 0 resource from src\main\resources to target\classes
2025-07-12 02:31:22,294 [Worker-46: Building] WARN  o.a.m.s.f.DefaultMavenResourcesFiltering - Using platform encoding (UTF-8 actually) to copy filtered resources, i.e. build is platform dependent!
2025-07-12 02:31:22,295 [Worker-46: Building] INFO  o.a.m.s.f.DefaultMavenResourcesFiltering - skip non existing resourceDirectory D:\Abhinav_Eclipse\Hospital_Management_System\Hospital_Management_System\src\test\resources
2025-07-12 02:31:32,336 [Worker-41: Building] WARN  o.a.m.s.f.DefaultMavenResourcesFiltering - Using platform encoding (UTF-8 actually) to copy filtered resources, i.e. build is platform dependent!
2025-07-12 02:31:32,337 [Worker-41: Building] INFO  o.a.m.s.f.DefaultMavenResourcesFiltering - Copying 0 resource from src\main\resources to target\classes
2025-07-12 02:31:32,340 [Worker-41: Building] WARN  o.a.m.s.f.DefaultMavenResourcesFiltering - Using platform encoding (UTF-8 actually) to copy filtered resources, i.e. build is platform dependent!
2025-07-12 02:31:32,340 [Worker-41: Building] INFO  o.a.m.s.f.DefaultMavenResourcesFiltering - skip non existing resourceDirectory D:\Abhinav_Eclipse\Hospital_Management_System\Hospital_Management_System\src\test\resources
2025-07-12 02:31:41,402 [Worker-45: Building] WARN  o.a.m.s.f.DefaultMavenResourcesFiltering - Using platform encoding (UTF-8 actually) to copy filtered resources, i.e. build is platform dependent!
2025-07-12 02:31:41,404 [Worker-45: Building] INFO  o.a.m.s.f.DefaultMavenResourcesFiltering - Copying 0 resource from src\main\resources to target\classes
2025-07-12 02:31:41,408 [Worker-45: Building] WARN  o.a.m.s.f.DefaultMavenResourcesFiltering - Using platform encoding (UTF-8 actually) to copy filtered resources, i.e. build is platform dependent!
2025-07-12 02:31:41,410 [Worker-45: Building] INFO  o.a.m.s.f.DefaultMavenResourcesFiltering - skip non existing resourceDirectory D:\Abhinav_Eclipse\Hospital_Management_System\Hospital_Management_System\src\test\resources
2025-07-12 02:35:12,062 [Worker-48: Building] WARN  o.a.m.s.f.DefaultMavenResourcesFiltering - Using platform encoding (UTF-8 actually) to copy filtered resources, i.e. build is platform dependent!
2025-07-12 02:35:12,064 [Worker-48: Building] INFO  o.a.m.s.f.DefaultMavenResourcesFiltering - Copying 0 resource from src\main\resources to target\classes
2025-07-12 02:35:12,067 [Worker-48: Building] WARN  o.a.m.s.f.DefaultMavenResourcesFiltering - Using platform encoding (UTF-8 actually) to copy filtered resources, i.e. build is platform dependent!
2025-07-12 02:35:12,068 [Worker-48: Building] INFO  o.a.m.s.f.DefaultMavenResourcesFiltering - skip non existing resourceDirectory D:\Abhinav_Eclipse\Hospital_Management_System\Hospital_Management_System\src\test\resources
2025-07-12 02:42:33,441 [Worker-42: Building] WARN  o.a.m.s.f.DefaultMavenResourcesFiltering - Using platform encoding (UTF-8 actually) to copy filtered resources, i.e. build is platform dependent!
2025-07-12 02:42:33,444 [Worker-42: Building] INFO  o.a.m.s.f.DefaultMavenResourcesFiltering - Copying 0 resource from src\main\resources to target\classes
2025-07-12 02:42:33,450 [Worker-42: Building] WARN  o.a.m.s.f.DefaultMavenResourcesFiltering - Using platform encoding (UTF-8 actually) to copy filtered resources, i.e. build is platform dependent!
2025-07-12 02:42:33,451 [Worker-42: Building] INFO  o.a.m.s.f.DefaultMavenResourcesFiltering - skip non existing resourceDirectory D:\Abhinav_Eclipse\Hospital_Management_System\Hospital_Management_System\src\test\resources
2025-07-12 02:43:15,593 [Worker-51: Building] WARN  o.a.m.s.f.DefaultMavenResourcesFiltering - Using platform encoding (UTF-8 actually) to copy filtered resources, i.e. build is platform dependent!
2025-07-12 02:43:15,595 [Worker-51: Building] INFO  o.a.m.s.f.DefaultMavenResourcesFiltering - Copying 0 resource from src\main\resources to target\classes
2025-07-12 02:43:15,597 [Worker-51: Building] WARN  o.a.m.s.f.DefaultMavenResourcesFiltering - Using platform encoding (UTF-8 actually) to copy filtered resources, i.e. build is platform dependent!
2025-07-12 02:43:15,598 [Worker-51: Building] INFO  o.a.m.s.f.DefaultMavenResourcesFiltering - skip non existing resourceDirectory D:\Abhinav_Eclipse\Hospital_Management_System\Hospital_Management_System\src\test\resources
2025-07-12 02:44:36,209 [Worker-52: Building] WARN  o.a.m.s.f.DefaultMavenResourcesFiltering - Using platform encoding (UTF-8 actually) to copy filtered resources, i.e. build is platform dependent!
2025-07-12 02:44:36,212 [Worker-52: Building] INFO  o.a.m.s.f.DefaultMavenResourcesFiltering - Copying 0 resource from src\main\resources to target\classes
2025-07-12 02:44:36,216 [Worker-52: Building] WARN  o.a.m.s.f.DefaultMavenResourcesFiltering - Using platform encoding (UTF-8 actually) to copy filtered resources, i.e. build is platform dependent!
2025-07-12 02:44:36,217 [Worker-52: Building] INFO  o.a.m.s.f.DefaultMavenResourcesFiltering - skip non existing resourceDirectory D:\Abhinav_Eclipse\Hospital_Management_System\Hospital_Management_System\src\test\resources
2025-07-12 02:45:06,223 [Worker-51: Building] WARN  o.a.m.s.f.DefaultMavenResourcesFiltering - Using platform encoding (UTF-8 actually) to copy filtered resources, i.e. build is platform dependent!
2025-07-12 02:45:06,224 [Worker-51: Building] INFO  o.a.m.s.f.DefaultMavenResourcesFiltering - Copying 0 resource from src\main\resources to target\classes
2025-07-12 02:45:06,226 [Worker-51: Building] WARN  o.a.m.s.f.DefaultMavenResourcesFiltering - Using platform encoding (UTF-8 actually) to copy filtered resources, i.e. build is platform dependent!
2025-07-12 02:45:06,227 [Worker-51: Building] INFO  o.a.m.s.f.DefaultMavenResourcesFiltering - skip non existing resourceDirectory D:\Abhinav_Eclipse\Hospital_Management_System\Hospital_Management_System\src\test\resources
2025-07-12 02:54:19,856 [Worker-51: Building] WARN  o.a.m.s.f.DefaultMavenResourcesFiltering - Using platform encoding (UTF-8 actually) to copy filtered resources, i.e. build is platform dependent!
2025-07-12 02:54:19,858 [Worker-51: Building] INFO  o.a.m.s.f.DefaultMavenResourcesFiltering - Copying 0 resource from src\main\resources to target\classes
2025-07-12 02:54:19,866 [Worker-51: Building] WARN  o.a.m.s.f.DefaultMavenResourcesFiltering - Using platform encoding (UTF-8 actually) to copy filtered resources, i.e. build is platform dependent!
2025-07-12 02:54:19,867 [Worker-51: Building] INFO  o.a.m.s.f.DefaultMavenResourcesFiltering - skip non existing resourceDirectory D:\Abhinav_Eclipse\Hospital_Management_System\Hospital_Management_System\src\test\resources
2025-07-12 02:54:33,759 [Worker-53: Building] WARN  o.a.m.s.f.DefaultMavenResourcesFiltering - Using platform encoding (UTF-8 actually) to copy filtered resources, i.e. build is platform dependent!
2025-07-12 02:54:33,760 [Worker-53: Building] INFO  o.a.m.s.f.DefaultMavenResourcesFiltering - Copying 0 resource from src\main\resources to target\classes
2025-07-12 02:54:33,763 [Worker-53: Building] WARN  o.a.m.s.f.DefaultMavenResourcesFiltering - Using platform encoding (UTF-8 actually) to copy filtered resources, i.e. build is platform dependent!
2025-07-12 02:54:33,764 [Worker-53: Building] INFO  o.a.m.s.f.DefaultMavenResourcesFiltering - skip non existing resourceDirectory D:\Abhinav_Eclipse\Hospital_Management_System\Hospital_Management_System\src\test\resources
2025-07-13 03:00:21,191 [Worker-4: Loading available Gradle versions] INFO  o.e.b.c.i.u.g.PublishedGradleVersions - Gradle version information cache is out-of-date. Trying to update.
2025-07-13 03:01:22,055 [Worker-3: Building] WARN  o.a.m.s.f.DefaultMavenResourcesFiltering - Using platform encoding (UTF-8 actually) to copy filtered resources, i.e. build is platform dependent!
2025-07-13 03:01:22,078 [Worker-3: Building] INFO  o.a.m.s.f.DefaultMavenResourcesFiltering - Copying 0 resource from src\main\resources to target\classes
2025-07-13 03:01:22,084 [Worker-3: Building] WARN  o.a.m.s.f.DefaultMavenResourcesFiltering - Using platform encoding (UTF-8 actually) to copy filtered resources, i.e. build is platform dependent!
2025-07-13 03:01:22,085 [Worker-3: Building] INFO  o.a.m.s.f.DefaultMavenResourcesFiltering - skip non existing resourceDirectory D:\Abhinav_Eclipse\Hospital_Management_System\Hospital_Management_System\src\test\resources
2025-07-13 03:02:54,033 [Worker-29: Building] WARN  o.a.m.s.f.DefaultMavenResourcesFiltering - Using platform encoding (UTF-8 actually) to copy filtered resources, i.e. build is platform dependent!
2025-07-13 03:02:54,037 [Worker-29: Building] INFO  o.a.m.s.f.DefaultMavenResourcesFiltering - Copying 0 resource from src\main\resources to target\classes
2025-07-13 03:02:54,039 [Worker-29: Building] WARN  o.a.m.s.f.DefaultMavenResourcesFiltering - Using platform encoding (UTF-8 actually) to copy filtered resources, i.e. build is platform dependent!
2025-07-13 03:02:54,040 [Worker-29: Building] INFO  o.a.m.s.f.DefaultMavenResourcesFiltering - skip non existing resourceDirectory D:\Abhinav_Eclipse\Hospital_Management_System\Hospital_Management_System\src\test\resources
2025-07-13 03:07:40,854 [Worker-25: Building] WARN  o.a.m.s.f.DefaultMavenResourcesFiltering - Using platform encoding (UTF-8 actually) to copy filtered resources, i.e. build is platform dependent!
2025-07-13 03:07:40,855 [Worker-25: Building] INFO  o.a.m.s.f.DefaultMavenResourcesFiltering - Copying 0 resource from src\main\resources to target\classes
2025-07-13 03:07:40,859 [Worker-25: Building] WARN  o.a.m.s.f.DefaultMavenResourcesFiltering - Using platform encoding (UTF-8 actually) to copy filtered resources, i.e. build is platform dependent!
2025-07-13 03:07:40,860 [Worker-25: Building] INFO  o.a.m.s.f.DefaultMavenResourcesFiltering - skip non existing resourceDirectory D:\Abhinav_Eclipse\Hospital_Management_System\Hospital_Management_System\src\test\resources
2025-07-13 03:09:06,742 [Worker-25: Building] WARN  o.a.m.s.f.DefaultMavenResourcesFiltering - Using platform encoding (UTF-8 actually) to copy filtered resources, i.e. build is platform dependent!
2025-07-13 03:09:06,743 [Worker-25: Building] INFO  o.a.m.s.f.DefaultMavenResourcesFiltering - Copying 0 resource from src\main\resources to target\classes
2025-07-13 03:09:06,745 [Worker-25: Building] WARN  o.a.m.s.f.DefaultMavenResourcesFiltering - Using platform encoding (UTF-8 actually) to copy filtered resources, i.e. build is platform dependent!
2025-07-13 03:09:06,746 [Worker-25: Building] INFO  o.a.m.s.f.DefaultMavenResourcesFiltering - skip non existing resourceDirectory D:\Abhinav_Eclipse\Hospital_Management_System\Hospital_Management_System\src\test\resources
2025-07-13 03:09:21,317 [Worker-38: Building] WARN  o.a.m.s.f.DefaultMavenResourcesFiltering - Using platform encoding (UTF-8 actually) to copy filtered resources, i.e. build is platform dependent!
2025-07-13 03:09:21,319 [Worker-38: Building] INFO  o.a.m.s.f.DefaultMavenResourcesFiltering - Copying 0 resource from src\main\resources to target\classes
2025-07-13 03:09:21,324 [Worker-38: Building] WARN  o.a.m.s.f.DefaultMavenResourcesFiltering - Using platform encoding (UTF-8 actually) to copy filtered resources, i.e. build is platform dependent!
2025-07-13 03:09:21,326 [Worker-38: Building] INFO  o.a.m.s.f.DefaultMavenResourcesFiltering - Copying 0 resource from src\test\resources to target\test-classes
2025-07-13 03:10:13,692 [Worker-38: Building] WARN  o.a.m.s.f.DefaultMavenResourcesFiltering - Using platform encoding (UTF-8 actually) to copy filtered resources, i.e. build is platform dependent!
2025-07-13 03:10:13,693 [Worker-38: Building] INFO  o.a.m.s.f.DefaultMavenResourcesFiltering - Copying 0 resource from src\main\resources to target\classes
2025-07-13 03:10:13,695 [Worker-38: Building] WARN  o.a.m.s.f.DefaultMavenResourcesFiltering - Using platform encoding (UTF-8 actually) to copy filtered resources, i.e. build is platform dependent!
2025-07-13 03:10:13,696 [Worker-38: Building] INFO  o.a.m.s.f.DefaultMavenResourcesFiltering - Copying 0 resource from src\test\resources to target\test-classes
2025-07-13 03:10:36,200 [Worker-25: Building] INFO  o.e.m.c.i.l.LifecycleMappingFactory - Using org.maven.ide.eclipse.wtp.WarLifecycleMapping lifecycle mapping for MavenProject: com.Hospital:Hospital_Management_System:0.0.1-SNAPSHOT @ D:\Abhinav_Eclipse\Hospital_Management_System\Hospital_Management_System\pom.xml.
2025-07-13 03:10:37,158 [Worker-25: Building] WARN  o.a.m.s.f.DefaultMavenResourcesFiltering - Using platform encoding (UTF-8 actually) to copy filtered resources, i.e. build is platform dependent!
2025-07-13 03:10:37,160 [Worker-25: Building] INFO  o.a.m.s.f.DefaultMavenResourcesFiltering - Copying 0 resource from src\main\resources to target\classes
2025-07-13 03:10:37,165 [Worker-25: Building] WARN  o.a.m.s.f.DefaultMavenResourcesFiltering - Using platform encoding (UTF-8 actually) to copy filtered resources, i.e. build is platform dependent!
2025-07-13 03:10:37,165 [Worker-25: Building] INFO  o.a.m.s.f.DefaultMavenResourcesFiltering - Copying 0 resource from src\test\resources to target\test-classes
2025-07-13 03:10:37,166 [Worker-25: Building] INFO  o.e.m.w.i.f.ResourceFilteringBuildParticipant - Changed resources require a complete clean of filtered resources of Hospital_Management_System
2025-07-13 03:10:37,167 [Worker-25: Building] INFO  o.e.m.w.i.f.ResourceFilteringBuildParticipant - Executing resource filtering for Hospital_Management_System
2025-07-13 03:11:06,691 [Worker-29: Building] WARN  o.a.m.s.f.DefaultMavenResourcesFiltering - Using platform encoding (UTF-8 actually) to copy filtered resources, i.e. build is platform dependent!
2025-07-13 03:11:06,693 [Worker-29: Building] INFO  o.a.m.s.f.DefaultMavenResourcesFiltering - Copying 0 resource from src\main\resources to target\classes
2025-07-13 03:11:06,695 [Worker-29: Building] WARN  o.a.m.s.f.DefaultMavenResourcesFiltering - Using platform encoding (UTF-8 actually) to copy filtered resources, i.e. build is platform dependent!
2025-07-13 03:11:06,696 [Worker-29: Building] INFO  o.a.m.s.f.DefaultMavenResourcesFiltering - Copying 0 resource from src\test\resources to target\test-classes
2025-07-13 03:11:35,486 [Worker-40: Building] WARN  o.a.m.s.f.DefaultMavenResourcesFiltering - Using platform encoding (UTF-8 actually) to copy filtered resources, i.e. build is platform dependent!
2025-07-13 03:11:35,488 [Worker-40: Building] INFO  o.a.m.s.f.DefaultMavenResourcesFiltering - Copying 0 resource from src\main\resources to target\classes
2025-07-13 03:11:35,490 [Worker-40: Building] WARN  o.a.m.s.f.DefaultMavenResourcesFiltering - Using platform encoding (UTF-8 actually) to copy filtered resources, i.e. build is platform dependent!
2025-07-13 03:11:35,491 [Worker-40: Building] INFO  o.a.m.s.f.DefaultMavenResourcesFiltering - Copying 0 resource from src\test\resources to target\test-classes
2025-07-13 03:11:41,791 [Worker-25: Building] WARN  o.a.m.s.f.DefaultMavenResourcesFiltering - Using platform encoding (UTF-8 actually) to copy filtered resources, i.e. build is platform dependent!
2025-07-13 03:11:41,792 [Worker-25: Building] INFO  o.a.m.s.f.DefaultMavenResourcesFiltering - Copying 0 resource from src\main\resources to target\classes
2025-07-13 03:11:41,794 [Worker-25: Building] WARN  o.a.m.s.f.DefaultMavenResourcesFiltering - Using platform encoding (UTF-8 actually) to copy filtered resources, i.e. build is platform dependent!
2025-07-13 03:11:41,795 [Worker-25: Building] INFO  o.a.m.s.f.DefaultMavenResourcesFiltering - Copying 0 resource from src\test\resources to target\test-classes
2025-07-13 03:11:52,972 [Worker-42: Building] WARN  o.a.m.s.f.DefaultMavenResourcesFiltering - Using platform encoding (UTF-8 actually) to copy filtered resources, i.e. build is platform dependent!
2025-07-13 03:11:52,973 [Worker-42: Building] INFO  o.a.m.s.f.DefaultMavenResourcesFiltering - Copying 0 resource from src\main\resources to target\classes
2025-07-13 03:11:52,975 [Worker-42: Building] WARN  o.a.m.s.f.DefaultMavenResourcesFiltering - Using platform encoding (UTF-8 actually) to copy filtered resources, i.e. build is platform dependent!
2025-07-13 03:11:52,976 [Worker-42: Building] INFO  o.a.m.s.f.DefaultMavenResourcesFiltering - Copying 0 resource from src\test\resources to target\test-classes
2025-07-13 03:16:10,402 [Worker-40: Building] WARN  o.a.m.s.f.DefaultMavenResourcesFiltering - Using platform encoding (UTF-8 actually) to copy filtered resources, i.e. build is platform dependent!
2025-07-13 03:16:10,403 [Worker-40: Building] INFO  o.a.m.s.f.DefaultMavenResourcesFiltering - Copying 0 resource from src\main\resources to target\classes
2025-07-13 03:16:10,405 [Worker-40: Building] WARN  o.a.m.s.f.DefaultMavenResourcesFiltering - Using platform encoding (UTF-8 actually) to copy filtered resources, i.e. build is platform dependent!
2025-07-13 03:16:10,406 [Worker-40: Building] INFO  o.a.m.s.f.DefaultMavenResourcesFiltering - Copying 0 resource from src\test\resources to target\test-classes
2025-07-13 03:18:17,337 [Worker-44: Building] WARN  o.a.m.s.f.DefaultMavenResourcesFiltering - Using platform encoding (UTF-8 actually) to copy filtered resources, i.e. build is platform dependent!
2025-07-13 03:18:17,338 [Worker-44: Building] INFO  o.a.m.s.f.DefaultMavenResourcesFiltering - Copying 0 resource from src\main\resources to target\classes
2025-07-13 03:18:17,340 [Worker-44: Building] WARN  o.a.m.s.f.DefaultMavenResourcesFiltering - Using platform encoding (UTF-8 actually) to copy filtered resources, i.e. build is platform dependent!
2025-07-13 03:18:17,342 [Worker-44: Building] INFO  o.a.m.s.f.DefaultMavenResourcesFiltering - Copying 0 resource from src\test\resources to target\test-classes
2025-07-13 03:18:51,219 [Worker-25: Building] WARN  o.a.m.s.f.DefaultMavenResourcesFiltering - Using platform encoding (UTF-8 actually) to copy filtered resources, i.e. build is platform dependent!
2025-07-13 03:18:51,220 [Worker-25: Building] INFO  o.a.m.s.f.DefaultMavenResourcesFiltering - Copying 0 resource from src\main\resources to target\classes
2025-07-13 03:18:51,222 [Worker-25: Building] WARN  o.a.m.s.f.DefaultMavenResourcesFiltering - Using platform encoding (UTF-8 actually) to copy filtered resources, i.e. build is platform dependent!
2025-07-13 03:18:51,224 [Worker-25: Building] INFO  o.a.m.s.f.DefaultMavenResourcesFiltering - Copying 0 resource from src\test\resources to target\test-classes
2025-07-13 03:19:49,718 [Worker-44: Building] WARN  o.a.m.s.f.DefaultMavenResourcesFiltering - Using platform encoding (UTF-8 actually) to copy filtered resources, i.e. build is platform dependent!
2025-07-13 03:19:49,720 [Worker-44: Building] INFO  o.a.m.s.f.DefaultMavenResourcesFiltering - Copying 0 resource from src\main\resources to target\classes
2025-07-13 03:19:49,722 [Worker-44: Building] WARN  o.a.m.s.f.DefaultMavenResourcesFiltering - Using platform encoding (UTF-8 actually) to copy filtered resources, i.e. build is platform dependent!
2025-07-13 03:19:49,725 [Worker-44: Building] INFO  o.a.m.s.f.DefaultMavenResourcesFiltering - Copying 0 resource from src\test\resources to target\test-classes
2025-07-13 03:20:00,401 [Worker-41: Building] WARN  o.a.m.s.f.DefaultMavenResourcesFiltering - Using platform encoding (UTF-8 actually) to copy filtered resources, i.e. build is platform dependent!
2025-07-13 03:20:00,402 [Worker-41: Building] INFO  o.a.m.s.f.DefaultMavenResourcesFiltering - Copying 0 resource from src\main\resources to target\classes
2025-07-13 03:20:00,405 [Worker-41: Building] WARN  o.a.m.s.f.DefaultMavenResourcesFiltering - Using platform encoding (UTF-8 actually) to copy filtered resources, i.e. build is platform dependent!
2025-07-13 03:20:00,405 [Worker-41: Building] INFO  o.a.m.s.f.DefaultMavenResourcesFiltering - Copying 0 resource from src\test\resources to target\test-classes
2025-07-13 03:20:51,179 [Worker-44: Building] WARN  o.a.m.s.f.DefaultMavenResourcesFiltering - Using platform encoding (UTF-8 actually) to copy filtered resources, i.e. build is platform dependent!
2025-07-13 03:20:51,182 [Worker-44: Building] INFO  o.a.m.s.f.DefaultMavenResourcesFiltering - Copying 0 resource from src\main\resources to target\classes
2025-07-13 03:20:51,184 [Worker-44: Building] WARN  o.a.m.s.f.DefaultMavenResourcesFiltering - Using platform encoding (UTF-8 actually) to copy filtered resources, i.e. build is platform dependent!
2025-07-13 03:20:51,186 [Worker-44: Building] INFO  o.a.m.s.f.DefaultMavenResourcesFiltering - Copying 0 resource from src\test\resources to target\test-classes
2025-07-13 03:21:32,022 [Worker-44: Building] WARN  o.a.m.s.f.DefaultMavenResourcesFiltering - Using platform encoding (UTF-8 actually) to copy filtered resources, i.e. build is platform dependent!
2025-07-13 03:21:32,023 [Worker-44: Building] INFO  o.a.m.s.f.DefaultMavenResourcesFiltering - Copying 0 resource from src\main\resources to target\classes
2025-07-13 03:21:32,026 [Worker-44: Building] WARN  o.a.m.s.f.DefaultMavenResourcesFiltering - Using platform encoding (UTF-8 actually) to copy filtered resources, i.e. build is platform dependent!
2025-07-13 03:21:32,027 [Worker-44: Building] INFO  o.a.m.s.f.DefaultMavenResourcesFiltering - Copying 0 resource from src\test\resources to target\test-classes
2025-07-13 03:21:48,162 [Worker-29: Building] WARN  o.a.m.s.f.DefaultMavenResourcesFiltering - Using platform encoding (UTF-8 actually) to copy filtered resources, i.e. build is platform dependent!
2025-07-13 03:21:48,163 [Worker-29: Building] INFO  o.a.m.s.f.DefaultMavenResourcesFiltering - Copying 0 resource from src\main\resources to target\classes
2025-07-13 03:21:48,165 [Worker-29: Building] WARN  o.a.m.s.f.DefaultMavenResourcesFiltering - Using platform encoding (UTF-8 actually) to copy filtered resources, i.e. build is platform dependent!
2025-07-13 03:21:48,166 [Worker-29: Building] INFO  o.a.m.s.f.DefaultMavenResourcesFiltering - Copying 0 resource from src\test\resources to target\test-classes
2025-07-13 03:22:31,769 [Worker-43: Building] WARN  o.a.m.s.f.DefaultMavenResourcesFiltering - Using platform encoding (UTF-8 actually) to copy filtered resources, i.e. build is platform dependent!
2025-07-13 03:22:31,771 [Worker-43: Building] INFO  o.a.m.s.f.DefaultMavenResourcesFiltering - Copying 0 resource from src\main\resources to target\classes
2025-07-13 03:22:31,774 [Worker-43: Building] WARN  o.a.m.s.f.DefaultMavenResourcesFiltering - Using platform encoding (UTF-8 actually) to copy filtered resources, i.e. build is platform dependent!
2025-07-13 03:22:31,774 [Worker-43: Building] INFO  o.a.m.s.f.DefaultMavenResourcesFiltering - Copying 0 resource from src\test\resources to target\test-classes
2025-07-13 03:22:41,917 [Worker-42: Building] WARN  o.a.m.s.f.DefaultMavenResourcesFiltering - Using platform encoding (UTF-8 actually) to copy filtered resources, i.e. build is platform dependent!
2025-07-13 03:22:41,919 [Worker-42: Building] INFO  o.a.m.s.f.DefaultMavenResourcesFiltering - Copying 0 resource from src\main\resources to target\classes
2025-07-13 03:22:41,921 [Worker-42: Building] WARN  o.a.m.s.f.DefaultMavenResourcesFiltering - Using platform encoding (UTF-8 actually) to copy filtered resources, i.e. build is platform dependent!
2025-07-13 03:22:41,922 [Worker-42: Building] INFO  o.a.m.s.f.DefaultMavenResourcesFiltering - Copying 0 resource from src\test\resources to target\test-classes
2025-07-13 03:24:16,297 [Worker-41: Building] WARN  o.a.m.s.f.DefaultMavenResourcesFiltering - Using platform encoding (UTF-8 actually) to copy filtered resources, i.e. build is platform dependent!
2025-07-13 03:24:16,298 [Worker-41: Building] INFO  o.a.m.s.f.DefaultMavenResourcesFiltering - Copying 0 resource from src\main\resources to target\classes
2025-07-13 03:24:16,301 [Worker-41: Building] WARN  o.a.m.s.f.DefaultMavenResourcesFiltering - Using platform encoding (UTF-8 actually) to copy filtered resources, i.e. build is platform dependent!
2025-07-13 03:24:16,302 [Worker-41: Building] INFO  o.a.m.s.f.DefaultMavenResourcesFiltering - Copying 0 resource from src\test\resources to target\test-classes
2025-07-13 03:25:11,266 [Worker-25: Building] WARN  o.a.m.s.f.DefaultMavenResourcesFiltering - Using platform encoding (UTF-8 actually) to copy filtered resources, i.e. build is platform dependent!
2025-07-13 03:25:11,267 [Worker-25: Building] INFO  o.a.m.s.f.DefaultMavenResourcesFiltering - Copying 0 resource from src\main\resources to target\classes
2025-07-13 03:25:11,269 [Worker-25: Building] WARN  o.a.m.s.f.DefaultMavenResourcesFiltering - Using platform encoding (UTF-8 actually) to copy filtered resources, i.e. build is platform dependent!
2025-07-13 03:25:11,270 [Worker-25: Building] INFO  o.a.m.s.f.DefaultMavenResourcesFiltering - Copying 0 resource from src\test\resources to target\test-classes
2025-07-13 03:25:42,614 [Worker-41: Building] WARN  o.a.m.s.f.DefaultMavenResourcesFiltering - Using platform encoding (UTF-8 actually) to copy filtered resources, i.e. build is platform dependent!
2025-07-13 03:25:42,615 [Worker-41: Building] INFO  o.a.m.s.f.DefaultMavenResourcesFiltering - Copying 0 resource from src\main\resources to target\classes
2025-07-13 03:25:42,617 [Worker-41: Building] WARN  o.a.m.s.f.DefaultMavenResourcesFiltering - Using platform encoding (UTF-8 actually) to copy filtered resources, i.e. build is platform dependent!
2025-07-13 03:25:42,617 [Worker-41: Building] INFO  o.a.m.s.f.DefaultMavenResourcesFiltering - Copying 0 resource from src\test\resources to target\test-classes
2025-07-13 03:28:29,143 [Worker-41: Building] WARN  o.a.m.s.f.DefaultMavenResourcesFiltering - Using platform encoding (UTF-8 actually) to copy filtered resources, i.e. build is platform dependent!
2025-07-13 03:28:29,144 [Worker-41: Building] INFO  o.a.m.s.f.DefaultMavenResourcesFiltering - Copying 0 resource from src\main\resources to target\classes
2025-07-13 03:28:29,146 [Worker-41: Building] WARN  o.a.m.s.f.DefaultMavenResourcesFiltering - Using platform encoding (UTF-8 actually) to copy filtered resources, i.e. build is platform dependent!
2025-07-13 03:28:29,146 [Worker-41: Building] INFO  o.a.m.s.f.DefaultMavenResourcesFiltering - Copying 0 resource from src\test\resources to target\test-classes
2025-07-13 03:30:24,454 [Worker-25: Building] WARN  o.a.m.s.f.DefaultMavenResourcesFiltering - Using platform encoding (UTF-8 actually) to copy filtered resources, i.e. build is platform dependent!
2025-07-13 03:30:24,455 [Worker-25: Building] INFO  o.a.m.s.f.DefaultMavenResourcesFiltering - Copying 0 resource from src\main\resources to target\classes
2025-07-13 03:30:24,456 [Worker-25: Building] WARN  o.a.m.s.f.DefaultMavenResourcesFiltering - Using platform encoding (UTF-8 actually) to copy filtered resources, i.e. build is platform dependent!
2025-07-13 03:30:24,457 [Worker-25: Building] INFO  o.a.m.s.f.DefaultMavenResourcesFiltering - Copying 0 resource from src\test\resources to target\test-classes
2025-07-13 03:30:37,990 [Worker-41: Building] WARN  o.a.m.s.f.DefaultMavenResourcesFiltering - Using platform encoding (UTF-8 actually) to copy filtered resources, i.e. build is platform dependent!
2025-07-13 03:30:37,991 [Worker-41: Building] INFO  o.a.m.s.f.DefaultMavenResourcesFiltering - Copying 0 resource from src\main\resources to target\classes
2025-07-13 03:30:37,993 [Worker-41: Building] WARN  o.a.m.s.f.DefaultMavenResourcesFiltering - Using platform encoding (UTF-8 actually) to copy filtered resources, i.e. build is platform dependent!
2025-07-13 03:30:37,994 [Worker-41: Building] INFO  o.a.m.s.f.DefaultMavenResourcesFiltering - Copying 0 resource from src\test\resources to target\test-classes
2025-07-13 03:30:41,103 [Worker-42: Building] WARN  o.a.m.s.f.DefaultMavenResourcesFiltering - Using platform encoding (UTF-8 actually) to copy filtered resources, i.e. build is platform dependent!
2025-07-13 03:30:41,105 [Worker-42: Building] INFO  o.a.m.s.f.DefaultMavenResourcesFiltering - Copying 0 resource from src\main\resources to target\classes
2025-07-13 03:30:41,106 [Worker-42: Building] WARN  o.a.m.s.f.DefaultMavenResourcesFiltering - Using platform encoding (UTF-8 actually) to copy filtered resources, i.e. build is platform dependent!
2025-07-13 03:30:41,107 [Worker-42: Building] INFO  o.a.m.s.f.DefaultMavenResourcesFiltering - Copying 0 resource from src\test\resources to target\test-classes
2025-07-13 03:31:35,066 [Worker-44: Building] WARN  o.a.m.s.f.DefaultMavenResourcesFiltering - Using platform encoding (UTF-8 actually) to copy filtered resources, i.e. build is platform dependent!
2025-07-13 03:31:35,067 [Worker-44: Building] INFO  o.a.m.s.f.DefaultMavenResourcesFiltering - Copying 0 resource from src\main\resources to target\classes
2025-07-13 03:31:35,069 [Worker-44: Building] WARN  o.a.m.s.f.DefaultMavenResourcesFiltering - Using platform encoding (UTF-8 actually) to copy filtered resources, i.e. build is platform dependent!
2025-07-13 03:31:35,071 [Worker-44: Building] INFO  o.a.m.s.f.DefaultMavenResourcesFiltering - Copying 0 resource from src\test\resources to target\test-classes
2025-07-13 03:31:41,518 [Worker-43: Building] WARN  o.a.m.s.f.DefaultMavenResourcesFiltering - Using platform encoding (UTF-8 actually) to copy filtered resources, i.e. build is platform dependent!
2025-07-13 03:31:41,519 [Worker-43: Building] INFO  o.a.m.s.f.DefaultMavenResourcesFiltering - Copying 0 resource from src\main\resources to target\classes
2025-07-13 03:31:41,521 [Worker-43: Building] WARN  o.a.m.s.f.DefaultMavenResourcesFiltering - Using platform encoding (UTF-8 actually) to copy filtered resources, i.e. build is platform dependent!
2025-07-13 03:31:41,521 [Worker-43: Building] INFO  o.a.m.s.f.DefaultMavenResourcesFiltering - Copying 0 resource from src\test\resources to target\test-classes
2025-07-13 03:31:52,859 [Worker-42: Building] WARN  o.a.m.s.f.DefaultMavenResourcesFiltering - Using platform encoding (UTF-8 actually) to copy filtered resources, i.e. build is platform dependent!
2025-07-13 03:31:52,860 [Worker-42: Building] INFO  o.a.m.s.f.DefaultMavenResourcesFiltering - Copying 0 resource from src\main\resources to target\classes
2025-07-13 03:31:52,862 [Worker-42: Building] WARN  o.a.m.s.f.DefaultMavenResourcesFiltering - Using platform encoding (UTF-8 actually) to copy filtered resources, i.e. build is platform dependent!
2025-07-13 03:31:52,863 [Worker-42: Building] INFO  o.a.m.s.f.DefaultMavenResourcesFiltering - Copying 0 resource from src\test\resources to target\test-classes
2025-07-13 03:32:58,725 [Worker-29: Building] WARN  o.a.m.s.f.DefaultMavenResourcesFiltering - Using platform encoding (UTF-8 actually) to copy filtered resources, i.e. build is platform dependent!
2025-07-13 03:32:58,726 [Worker-29: Building] INFO  o.a.m.s.f.DefaultMavenResourcesFiltering - Copying 0 resource from src\main\resources to target\classes
2025-07-13 03:32:58,727 [Worker-29: Building] WARN  o.a.m.s.f.DefaultMavenResourcesFiltering - Using platform encoding (UTF-8 actually) to copy filtered resources, i.e. build is platform dependent!
2025-07-13 03:32:58,728 [Worker-29: Building] INFO  o.a.m.s.f.DefaultMavenResourcesFiltering - Copying 0 resource from src\test\resources to target\test-classes
2025-07-13 03:33:04,561 [Worker-40: Building] WARN  o.a.m.s.f.DefaultMavenResourcesFiltering - Using platform encoding (UTF-8 actually) to copy filtered resources, i.e. build is platform dependent!
2025-07-13 03:33:04,562 [Worker-40: Building] INFO  o.a.m.s.f.DefaultMavenResourcesFiltering - Copying 0 resource from src\main\resources to target\classes
2025-07-13 03:33:04,564 [Worker-40: Building] WARN  o.a.m.s.f.DefaultMavenResourcesFiltering - Using platform encoding (UTF-8 actually) to copy filtered resources, i.e. build is platform dependent!
2025-07-13 03:33:04,565 [Worker-40: Building] INFO  o.a.m.s.f.DefaultMavenResourcesFiltering - Copying 0 resource from src\test\resources to target\test-classes
2025-07-13 03:35:37,382 [Worker-25: Building] WARN  o.a.m.s.f.DefaultMavenResourcesFiltering - Using platform encoding (UTF-8 actually) to copy filtered resources, i.e. build is platform dependent!
2025-07-13 03:35:37,383 [Worker-25: Building] INFO  o.a.m.s.f.DefaultMavenResourcesFiltering - Copying 0 resource from src\main\resources to target\classes
2025-07-13 03:35:37,385 [Worker-25: Building] WARN  o.a.m.s.f.DefaultMavenResourcesFiltering - Using platform encoding (UTF-8 actually) to copy filtered resources, i.e. build is platform dependent!
2025-07-13 03:35:37,385 [Worker-25: Building] INFO  o.a.m.s.f.DefaultMavenResourcesFiltering - Copying 0 resource from src\test\resources to target\test-classes
2025-07-13 03:35:40,910 [Worker-41: Building] WARN  o.a.m.s.f.DefaultMavenResourcesFiltering - Using platform encoding (UTF-8 actually) to copy filtered resources, i.e. build is platform dependent!
2025-07-13 03:35:40,911 [Worker-41: Building] INFO  o.a.m.s.f.DefaultMavenResourcesFiltering - Copying 0 resource from src\main\resources to target\classes
2025-07-13 03:35:40,913 [Worker-41: Building] WARN  o.a.m.s.f.DefaultMavenResourcesFiltering - Using platform encoding (UTF-8 actually) to copy filtered resources, i.e. build is platform dependent!
2025-07-13 03:35:40,914 [Worker-41: Building] INFO  o.a.m.s.f.DefaultMavenResourcesFiltering - Copying 0 resource from src\test\resources to target\test-classes
